d:\files\programming\school\game3121\winterfell repo\winterfell\temp\x64\debug\vc141.pdb
d:\files\programming\school\game3121\winterfell repo\winterfell\temp\x64\debug\vc141.idb
d:\files\programming\school\game3121\winterfell repo\winterfell\temp\x64\debug\mouselistener.obj
d:\files\programming\school\game3121\winterfell repo\winterfell\temp\x64\debug\main.obj
d:\files\programming\school\game3121\winterfell repo\winterfell\temp\x64\debug\keyboardlistener.obj
d:\files\programming\school\game3121\winterfell repo\winterfell\temp\x64\debug\frameresource.obj
d:\files\programming\school\game3121\winterfell repo\winterfell\temp\x64\debug\bluerapsolengine.obj
d:\files\programming\school\game3121\winterfell repo\winterfell\temp\x64\debug\actorcomponent.obj
d:\files\programming\school\game3121\winterfell repo\winterfell\temp\x64\debug\actor.obj
d:\files\programming\school\game3121\winterfell repo\winterfell\temp\x64\debug\initdirect3dapp.obj
d:\files\programming\school\game3121\winterfell repo\winterfell\temp\x64\debug\mathhelper.obj
d:\files\programming\school\game3121\winterfell repo\winterfell\temp\x64\debug\geometrygenerator.obj
d:\files\programming\school\game3121\winterfell repo\winterfell\temp\x64\debug\gametimer.obj
d:\files\programming\school\game3121\winterfell repo\winterfell\temp\x64\debug\ddstextureloader.obj
d:\files\programming\school\game3121\winterfell repo\winterfell\temp\x64\debug\d3dutil.obj
d:\files\programming\school\game3121\winterfell repo\winterfell\temp\x64\debug\d3dapp.obj
d:\files\programming\school\game3121\winterfell repo\winterfell\temp\x64\debug\camera.obj
d:\files\programming\school\game3121\winterfell repo\winterfell\blue rapsol engine\x64\debug\bluerapsolengine.exe
d:\files\programming\school\game3121\winterfell repo\winterfell\blue rapsol engine\x64\debug\bluerapsolengine.ilk
d:\files\programming\school\game3121\winterfell repo\winterfell\blue rapsol engine\x64\debug\bluerapsolengine.pdb
d:\files\programming\school\game3121\winterfell repo\winterfell\source\bluerapsolengine\\..\..\blue rapsol engine\x64\debug\bluerapsolengine.pdb
d:\files\programming\school\game3121\winterfell repo\winterfell\source\bluerapsolengine\\..\..\blue rapsol engine\x64\debug\bluerapsolengine.exe
d:\files\programming\school\game3121\winterfell repo\winterfell\source\bluerapsolengine\\..\..\blue rapsol engine\x64\debug\bluerapsolengine.ilk
d:\files\programming\school\game3121\winterfell repo\winterfell\temp\x64\debug\bluerapsolengine.tlog\cl.command.1.tlog
d:\files\programming\school\game3121\winterfell repo\winterfell\temp\x64\debug\bluerapsolengine.tlog\cl.read.1.tlog
d:\files\programming\school\game3121\winterfell repo\winterfell\temp\x64\debug\bluerapsolengine.tlog\cl.write.1.tlog
d:\files\programming\school\game3121\winterfell repo\winterfell\temp\x64\debug\bluerapsolengine.tlog\link.command.1.tlog
d:\files\programming\school\game3121\winterfell repo\winterfell\temp\x64\debug\bluerapsolengine.tlog\link.read.1.tlog
d:\files\programming\school\game3121\winterfell repo\winterfell\temp\x64\debug\bluerapsolengine.tlog\link.write.1.tlog
